<?xml version="1.0" encoding="UTF-8"?>
<!-- Generated by org.testng.reporters.JUnitXMLReporter -->
<testsuite ignored="0" hostname="Amits-MacBook-Air.local" failures="0" tests="10" name="Surefire test" time="29.252" errors="0" timestamp="2023-06-13T16:44:58 IST">
  <testcase classname="api.test.UserTests" name="testPostuser" time="5.633"/>
  <testcase classname="api.test.UserTests" name="testGetuserByName" time="2.15"/>
  <testcase classname="api.test.UserTests" name="testUpdateuserByName" time="3.423"/>
  <testcase classname="api.test.UserTests" name="testDeleteuserByName" time="1.888"/>
  <testcase classname="api.test.DDTests" name="testPostuser" time="1.711"/>
  <testcase classname="api.test.DDTests" name="testPostuser" time="1.606"/>
  <testcase classname="api.test.DDTests" name="testPostuser" time="1.95"/>
  <testcase classname="api.test.DDTests" name="testDeleteuserByName" time="2.49"/>
  <testcase classname="api.test.DDTests" name="testDeleteuserByName" time="2.286"/>
  <testcase classname="api.test.DDTests" name="testDeleteuserByName" time="2.688"/>
</testsuite> <!-- Surefire test -->
