<?xml version="1.0" encoding="UTF-8"?>
<!-- Generated by org.testng.reporters.JUnitXMLReporter -->
<testsuite ignored="0" hostname="Amits-MacBook-Air.local" failures="0" tests="6" name="Default test" time="18.151" errors="0" timestamp="2023-06-13T12:59:09 IST">
  <testcase classname="api.test.DDTests" name="testPostuser" time="5.749"/>
  <testcase classname="api.test.DDTests" name="testPostuser" time="1.98"/>
  <testcase classname="api.test.DDTests" name="testPostuser" time="1.793"/>
  <testcase classname="api.test.DDTests" name="testDeleteuserByName" time="2.696"/>
  <testcase classname="api.test.DDTests" name="testDeleteuserByName" time="1.812"/>
  <testcase classname="api.test.DDTests" name="testDeleteuserByName" time="1.943"/>
</testsuite> <!-- Default test -->
