<?xml version="1.0" encoding="UTF-8"?>
<testng-results ignored="0" total="4" passed="4" failed="0" skipped="0">
  <reporter-output>
  </reporter-output>
  <suite started-at="2023-06-14T09:09:00 IST" name="PetSuite" finished-at="2023-06-14T09:09:14 IST" duration-ms="14848">
    <groups>
    </groups>
    <test started-at="2023-06-14T09:09:00 IST" name="PetTest" finished-at="2023-06-14T09:09:14 IST" duration-ms="14848">
      <class name="api.test.UserTests2">
        <test-method is-config="true" signature="setupData()[pri:0, instance:api.test.UserTests2@358ee631]" started-at="2023-06-14T09:09:00 IST" name="setupData" finished-at="2023-06-14T09:09:02 IST" duration-ms="1779" status="PASS">
          <reporter-output>
          </reporter-output>
        </test-method> <!-- setupData -->
        <test-method signature="testPostuser()[pri:1, instance:api.test.UserTests2@358ee631]" started-at="2023-06-14T09:09:02 IST" name="testPostuser" finished-at="2023-06-14T09:09:08 IST" duration-ms="6224" status="PASS">
          <reporter-output>
          </reporter-output>
        </test-method> <!-- testPostuser -->
        <test-method signature="testGetuserByName()[pri:2, instance:api.test.UserTests2@358ee631]" started-at="2023-06-14T09:09:09 IST" name="testGetuserByName" finished-at="2023-06-14T09:09:10 IST" duration-ms="1524" status="PASS">
          <reporter-output>
          </reporter-output>
        </test-method> <!-- testGetuserByName -->
        <test-method signature="testUpdateuserByName()[pri:3, instance:api.test.UserTests2@358ee631]" started-at="2023-06-14T09:09:10 IST" name="testUpdateuserByName" finished-at="2023-06-14T09:09:13 IST" duration-ms="2971" status="PASS">
          <reporter-output>
          </reporter-output>
        </test-method> <!-- testUpdateuserByName -->
        <test-method signature="testDeleteuserByName()[pri:4, instance:api.test.UserTests2@358ee631]" started-at="2023-06-14T09:09:13 IST" name="testDeleteuserByName" finished-at="2023-06-14T09:09:14 IST" duration-ms="1452" status="PASS">
          <reporter-output>
          </reporter-output>
        </test-method> <!-- testDeleteuserByName -->
      </class> <!-- api.test.UserTests2 -->
    </test> <!-- PetTest -->
  </suite> <!-- PetSuite -->
</testng-results>
