<?xml version="1.0" encoding="UTF-8"?>
<testng-results ignored="0" total="6" passed="6" failed="0" skipped="0">
  <reporter-output>
  </reporter-output>
  <suite started-at="2023-06-14T09:06:17 IST" name="PetSuite" finished-at="2023-06-14T09:06:36 IST" duration-ms="19569">
    <groups>
    </groups>
    <test started-at="2023-06-14T09:06:17 IST" name="PetTest" finished-at="2023-06-14T09:06:36 IST" duration-ms="19569">
      <class name="api.test.DDTests">
        <test-method signature="testPostuser(java.lang.String,java.lang.String,java.lang.String,java.lang.String,java.lang.String,java.lang.String,java.lang.String)[pri:1, instance:api.test.DDTests@670002]" started-at="2023-06-14T09:06:23 IST" name="testPostuser" data-provider="Data" finished-at="2023-06-14T09:06:29 IST" duration-ms="6104" status="PASS">
          <params>
            <param index="0">
              <value>
                <![CDATA[1010]]>
              </value>
            </param>
            <param index="1">
              <value>
                <![CDATA[testuser1]]>
              </value>
            </param>
            <param index="2">
              <value>
                <![CDATA[John]]>
              </value>
            </param>
            <param index="3">
              <value>
                <![CDATA[Candy]]>
              </value>
            </param>
            <param index="4">
              <value>
                <![CDATA[a@gmail.com]]>
              </value>
            </param>
            <param index="5">
              <value>
                <![CDATA[test@1]]>
              </value>
            </param>
            <param index="6">
              <value>
                <![CDATA[12345677]]>
              </value>
            </param>
          </params>
          <reporter-output>
          </reporter-output>
        </test-method> <!-- testPostuser -->
        <test-method signature="testPostuser(java.lang.String,java.lang.String,java.lang.String,java.lang.String,java.lang.String,java.lang.String,java.lang.String)[pri:1, instance:api.test.DDTests@670002]" started-at="2023-06-14T09:06:29 IST" name="testPostuser" data-provider="Data" finished-at="2023-06-14T09:06:30 IST" duration-ms="1638" status="PASS">
          <params>
            <param index="0">
              <value>
                <![CDATA[1020]]>
              </value>
            </param>
            <param index="1">
              <value>
                <![CDATA[testuser2]]>
              </value>
            </param>
            <param index="2">
              <value>
                <![CDATA[Mike]]>
              </value>
            </param>
            <param index="3">
              <value>
                <![CDATA[Hussy]]>
              </value>
            </param>
            <param index="4">
              <value>
                <![CDATA[b@gamil.com]]>
              </value>
            </param>
            <param index="5">
              <value>
                <![CDATA[test@2]]>
              </value>
            </param>
            <param index="6">
              <value>
                <![CDATA[123456745]]>
              </value>
            </param>
          </params>
          <reporter-output>
          </reporter-output>
        </test-method> <!-- testPostuser -->
        <test-method signature="testPostuser(java.lang.String,java.lang.String,java.lang.String,java.lang.String,java.lang.String,java.lang.String,java.lang.String)[pri:1, instance:api.test.DDTests@670002]" started-at="2023-06-14T09:06:30 IST" name="testPostuser" data-provider="Data" finished-at="2023-06-14T09:06:32 IST" duration-ms="1500" status="PASS">
          <params>
            <param index="0">
              <value>
                <![CDATA[1030]]>
              </value>
            </param>
            <param index="1">
              <value>
                <![CDATA[testuser3]]>
              </value>
            </param>
            <param index="2">
              <value>
                <![CDATA[Glenn]]>
              </value>
            </param>
            <param index="3">
              <value>
                <![CDATA[Max]]>
              </value>
            </param>
            <param index="4">
              <value>
                <![CDATA[c@gmail.com]]>
              </value>
            </param>
            <param index="5">
              <value>
                <![CDATA[test@3]]>
              </value>
            </param>
            <param index="6">
              <value>
                <![CDATA[123456734]]>
              </value>
            </param>
          </params>
          <reporter-output>
          </reporter-output>
        </test-method> <!-- testPostuser -->
        <test-method signature="testDeleteuserByName(java.lang.String)[pri:2, instance:api.test.DDTests@670002]" started-at="2023-06-14T09:06:32 IST" name="testDeleteuserByName" data-provider="UserNames" finished-at="2023-06-14T09:06:33 IST" duration-ms="1491" status="PASS">
          <params>
            <param index="0">
              <value>
                <![CDATA[testuser1]]>
              </value>
            </param>
          </params>
          <reporter-output>
          </reporter-output>
        </test-method> <!-- testDeleteuserByName -->
        <test-method signature="testDeleteuserByName(java.lang.String)[pri:2, instance:api.test.DDTests@670002]" started-at="2023-06-14T09:06:33 IST" name="testDeleteuserByName" data-provider="UserNames" finished-at="2023-06-14T09:06:35 IST" duration-ms="1518" status="PASS">
          <params>
            <param index="0">
              <value>
                <![CDATA[testuser2]]>
              </value>
            </param>
          </params>
          <reporter-output>
          </reporter-output>
        </test-method> <!-- testDeleteuserByName -->
        <test-method signature="testDeleteuserByName(java.lang.String)[pri:2, instance:api.test.DDTests@670002]" started-at="2023-06-14T09:06:35 IST" name="testDeleteuserByName" data-provider="UserNames" finished-at="2023-06-14T09:06:36 IST" duration-ms="1524" status="PASS">
          <params>
            <param index="0">
              <value>
                <![CDATA[testuser3]]>
              </value>
            </param>
          </params>
          <reporter-output>
          </reporter-output>
        </test-method> <!-- testDeleteuserByName -->
      </class> <!-- api.test.DDTests -->
    </test> <!-- PetTest -->
  </suite> <!-- PetSuite -->
</testng-results>
