<?xml version="1.0" encoding="UTF-8"?>
<!-- Generated by org.testng.reporters.JUnitXMLReporter -->
<testsuite ignored="0" hostname="Amits-MacBook-Air.local" failures="0" tests="4" name="PetTest" time="14.848" errors="0" timestamp="2023-06-14T09:09:15 IST">
  <testcase classname="api.test.UserTests2" name="testPostuser" time="6.224"/>
  <testcase classname="api.test.UserTests2" name="testGetuserByName" time="1.524"/>
  <testcase classname="api.test.UserTests2" name="testUpdateuserByName" time="2.971"/>
  <testcase classname="api.test.UserTests2" name="testDeleteuserByName" time="1.452"/>
</testsuite> <!-- PetTest -->
