<?xml version="1.0" encoding="UTF-8"?>
<!-- Generated by org.testng.reporters.JUnitXMLReporter -->
<testsuite ignored="0" hostname="Amits-MacBook-Air.local" failures="0" tests="6" name="PetTest" time="19.569" errors="0" timestamp="2023-06-14T09:06:37 IST">
  <testcase classname="api.test.DDTests" name="testPostuser" time="6.104"/>
  <testcase classname="api.test.DDTests" name="testPostuser" time="1.638"/>
  <testcase classname="api.test.DDTests" name="testPostuser" time="1.5"/>
  <testcase classname="api.test.DDTests" name="testDeleteuserByName" time="1.491"/>
  <testcase classname="api.test.DDTests" name="testDeleteuserByName" time="1.518"/>
  <testcase classname="api.test.DDTests" name="testDeleteuserByName" time="1.524"/>
</testsuite> <!-- PetTest -->
